{"/Users/amandine/sources/serverless-cart-api/localDynamoDB/options.js": {"path":"/Users/amandine/sources/serverless-cart-api/localDynamoDB/options.js","statementMap":{"0":{"start":{"line":1,"column":16},"end":{"line":6,"column":1}},"1":{"start":{"line":8,"column":0},"end":{"line":8,"column":24}}},"fnMap":{},"branchMap":{},"s":{"0":2,"1":2},"f":{},"b":{},"_coverageSchema":"43e27e138ebf9cfc5966b082cf9a028302ed4184","hash":"40703091532f3f96d85b77953f313c2643933c3f"}
,"/Users/amandine/sources/serverless-cart-api/src/dynamodb.js": {"path":"/Users/amandine/sources/serverless-cart-api/src/dynamodb.js","statementMap":{"0":{"start":{"line":1,"column":12},"end":{"line":1,"column":30}},"1":{"start":{"line":2,"column":29},"end":{"line":2,"column":64}},"2":{"start":{"line":4,"column":14},"end":{"line":4,"column":16}},"3":{"start":{"line":6,"column":0},"end":{"line":8,"column":1}},"4":{"start":{"line":7,"column":2},"end":{"line":7,"column":32}},"5":{"start":{"line":10,"column":15},"end":{"line":10,"column":55}},"6":{"start":{"line":12,"column":0},"end":{"line":12,"column":23}}},"fnMap":{},"branchMap":{"0":{"loc":{"start":{"line":6,"column":0},"end":{"line":8,"column":1}},"type":"if","locations":[{"start":{"line":6,"column":0},"end":{"line":8,"column":1}},{"start":{"line":6,"column":0},"end":{"line":8,"column":1}}],"line":6},"1":{"loc":{"start":{"line":6,"column":4},"end":{"line":6,"column":44}},"type":"binary-expr","locations":[{"start":{"line":6,"column":4},"end":{"line":6,"column":26}},{"start":{"line":6,"column":30},"end":{"line":6,"column":44}}],"line":6}},"s":{"0":2,"1":2,"2":2,"3":2,"4":2,"5":2,"6":2},"f":{},"b":{"0":[2,0],"1":[2,2]},"_coverageSchema":"43e27e138ebf9cfc5966b082cf9a028302ed4184","hash":"8d30dad82d912af1c18d38f545ea3cc487cc7d45"}
,"/Users/amandine/sources/serverless-cart-api/src/getProducts/handler.js": {"path":"/Users/amandine/sources/serverless-cart-api/src/getProducts/handler.js","statementMap":{"0":{"start":{"line":1,"column":17},"end":{"line":1,"column":39}},"1":{"start":{"line":2,"column":23},"end":{"line":2,"column":87}},"2":{"start":{"line":4,"column":0},"end":{"line":23,"column":1}},"3":{"start":{"line":5,"column":17},"end":{"line":7,"column":3}},"4":{"start":{"line":9,"column":2},"end":{"line":22,"column":3}},"5":{"start":{"line":10,"column":19},"end":{"line":10,"column":56}},"6":{"start":{"line":11,"column":4},"end":{"line":14,"column":5}},"7":{"start":{"line":16,"column":4},"end":{"line":21,"column":5}}},"fnMap":{"0":{"name":"(anonymous_0)","decl":{"start":{"line":4,"column":25},"end":{"line":4,"column":26}},"loc":{"start":{"line":4,"column":51},"end":{"line":23,"column":1}},"line":4}},"branchMap":{"0":{"loc":{"start":{"line":2,"column":23},"end":{"line":2,"column":87}},"type":"binary-expr","locations":[{"start":{"line":2,"column":23},"end":{"line":2,"column":49}},{"start":{"line":2,"column":53},"end":{"line":2,"column":87}}],"line":2},"1":{"loc":{"start":{"line":17,"column":18},"end":{"line":17,"column":41}},"type":"binary-expr","locations":[{"start":{"line":17,"column":18},"end":{"line":17,"column":34}},{"start":{"line":17,"column":38},"end":{"line":17,"column":41}}],"line":17}},"s":{"0":2,"1":2,"2":2,"3":3,"4":3,"5":3,"6":2,"7":1},"f":{"0":3},"b":{"0":[2,2],"1":[1,1]},"_coverageSchema":"43e27e138ebf9cfc5966b082cf9a028302ed4184","hash":"b5ba69cfc3a3af7cec07fd2dc6eed89434b986f7"}
}
