TN:
SF:/Users/amandine/sources/serverless-cart-api/localDynamoDB/options.js
FNF:0
FNH:0
DA:1,2
DA:8,2
LF:2
LH:2
BRF:0
BRH:0
end_of_record
TN:
SF:/Users/amandine/sources/serverless-cart-api/src/dynamodb.js
FNF:0
FNH:0
DA:1,2
DA:2,2
DA:4,2
DA:6,2
DA:7,2
DA:10,2
DA:12,2
LF:7
LH:7
BRDA:6,0,0,2
BRDA:6,0,1,0
BRDA:6,1,0,2
BRDA:6,1,1,2
BRF:4
BRH:3
end_of_record
TN:
SF:/Users/amandine/sources/serverless-cart-api/src/getProducts/handler.js
FN:4,(anonymous_0)
FNF:1
FNH:1
FNDA:3,(anonymous_0)
DA:1,2
DA:2,2
DA:4,2
DA:5,3
DA:9,3
DA:10,3
DA:11,1
DA:16,1
LF:8
LH:8
BRDA:2,0,0,2
BRDA:2,0,1,2
BRDA:17,1,0,1
BRDA:17,1,1,1
BRF:4
BRH:4
end_of_record
